[INFO ] 2017-08-26 16:53:50,988                        wxpay java sdk     - report worker num: 1
  [INFO ] 2017-08-26 16:53:50,991                        wxpay java sdk     - report v0,wxpay java sdk v1.0,d27f418d79bc4c9bb80605f4c1039e89,1503737630,302,api.mch.weixin.qq.com,true,2000,10000,0,0,0,16024F3AA227909833CD38471B2F0FA032BC70DC090A0CF5CA5FBDD67F9C4C1C
  [INFO ] 2017-08-26 16:53:50,992                        wxpay java sdk     - get first report msg: v0,wxpay java sdk v1.0,d27f418d79bc4c9bb80605f4c1039e89,1503737630,302,api.mch.weixin.qq.com,true,2000,10000,0,0,0,16024F3AA227909833CD38471B2F0FA032BC70DC090A0CF5CA5FBDD67F9C4C1C
  [INFO ] 2017-08-26 16:53:50,997                        wxpay java sdk     - try get remain report msg
  [INFO ] 2017-08-26 16:53:52,267                        wxpay java sdk     - report v0,wxpay java sdk v1.0,918e3aa0c17242ec834923e8f59e72c0,1503737632,206,api.mch.weixin.qq.com,true,2000,10000,0,0,0,BD8298E5FF4BAE9E96E1E89CFC131E52712614C49B44FD7E58B3F73CE06675E5
  [INFO ] 2017-08-26 16:53:52,267                        wxpay java sdk     - get remain report msg: v0,wxpay java sdk v1.0,918e3aa0c17242ec834923e8f59e72c0,1503737632,206,api.mch.weixin.qq.com,true,2000,10000,0,0,0,BD8298E5FF4BAE9E96E1E89CFC131E52712614C49B44FD7E58B3F73CE06675E5
  [WARN ] 2017-08-26 16:53:52,386                        wxpay java sdk     - report fail. reason: report.mch.weixin.qq.com:80 failed to respond
  [INFO ] 2017-08-26 16:53:53,133                        wxpay java sdk     - report v0,wxpay java sdk v1.0,cf99e695e8424c208cfb07ec0d538495,1503737633,180,api.mch.weixin.qq.com,true,2000,10000,0,0,0,BBEE8EEFD25B13E9148F2C3C82C02025065409C5C3ED8D23BBC5A757D92C502F
  [INFO ] 2017-08-26 16:53:53,135                        wxpay java sdk     - get first report msg: v0,wxpay java sdk v1.0,cf99e695e8424c208cfb07ec0d538495,1503737633,180,api.mch.weixin.qq.com,true,2000,10000,0,0,0,BBEE8EEFD25B13E9148F2C3C82C02025065409C5C3ED8D23BBC5A757D92C502F
  [INFO ] 2017-08-26 16:53:53,135                        wxpay java sdk     - try get remain report msg
  [INFO ] 2017-08-26 16:53:54,481                        wxpay java sdk     - report v0,wxpay java sdk v1.0,b23c5509984f4bd1934fc6ea43c61195,1503737634,180,api.mch.weixin.qq.com,true,2000,10000,0,0,0,399F898545F52112F95FD389C3CCA44F8E865783BC0A76C31E7A341F8D33BB9A
  [INFO ] 2017-08-26 16:53:54,483                        wxpay java sdk     - get remain report msg: v0,wxpay java sdk v1.0,b23c5509984f4bd1934fc6ea43c61195,1503737634,180,api.mch.weixin.qq.com,true,2000,10000,0,0,0,399F898545F52112F95FD389C3CCA44F8E865783BC0A76C31E7A341F8D33BB9A
  [WARN ] 2017-08-26 16:53:54,533                        wxpay java sdk     - report fail. reason: report.mch.weixin.qq.com:80 failed to respond
  [INFO ] 2017-08-26 16:54:01,895                        wxpay java sdk     - report v0,wxpay java sdk v1.0,7c98cef72f1b4a09a5f144d48355337a,1503737641,191,api.mch.weixin.qq.com,true,2000,10000,0,0,0,4B091719A52474460CED647153FA13CE182038D2B5838729D465BDE76644B108
  [INFO ] 2017-08-26 16:54:01,896                        wxpay java sdk     - get first report msg: v0,wxpay java sdk v1.0,7c98cef72f1b4a09a5f144d48355337a,1503737641,191,api.mch.weixin.qq.com,true,2000,10000,0,0,0,4B091719A52474460CED647153FA13CE182038D2B5838729D465BDE76644B108
  [INFO ] 2017-08-26 16:54:01,896                        wxpay java sdk     - try get remain report msg
  [INFO ] 2017-08-26 16:54:03,762                        wxpay java sdk     - report v0,wxpay java sdk v1.0,d7b3797e311f4f17b38ee11921b992de,1503737643,186,api.mch.weixin.qq.com,true,2000,10000,0,0,0,49622F9683A9E976DB87DAC804491B69A8F2026B56F0C6FFBCF96C5A38EF10DD
  [INFO ] 2017-08-26 16:54:03,764                        wxpay java sdk     - get remain report msg: v0,wxpay java sdk v1.0,d7b3797e311f4f17b38ee11921b992de,1503737643,186,api.mch.weixin.qq.com,true,2000,10000,0,0,0,49622F9683A9E976DB87DAC804491B69A8F2026B56F0C6FFBCF96C5A38EF10DD
  [WARN ] 2017-08-26 16:54:03,815                        wxpay java sdk     - report fail. reason: report.mch.weixin.qq.com:80 failed to respond
  [INFO ] 2017-08-26 16:55:58,067                        wxpay java sdk     - report worker num: 1
  [INFO ] 2017-08-26 16:55:58,070                        wxpay java sdk     - report v0,wxpay java sdk v1.0,34f4af993d0a461ab086edf82438afda,1503737758,406,api.mch.weixin.qq.com,true,2000,10000,0,0,0,9ADDED22EECB529C32325F4BA375E6C625ACB356CE54AA423BDCCF84D75EF9A7
  [INFO ] 2017-08-26 16:55:58,070                        wxpay java sdk     - get first report msg: v0,wxpay java sdk v1.0,34f4af993d0a461ab086edf82438afda,1503737758,406,api.mch.weixin.qq.com,true,2000,10000,0,0,0,9ADDED22EECB529C32325F4BA375E6C625ACB356CE54AA423BDCCF84D75EF9A7
  [INFO ] 2017-08-26 16:55:58,072                        wxpay java sdk     - try get remain report msg
  [INFO ] 2017-08-26 16:55:59,976                        wxpay java sdk     - report v0,wxpay java sdk v1.0,10c88b7ff82c4d50a2944ac800b8dace,1503737759,285,api.mch.weixin.qq.com,true,2000,10000,0,0,0,02C79A6D1E0CF66363BBAD9BD79CE03D988ED943564FC452827FEB148EC69445
  [INFO ] 2017-08-26 16:55:59,976                        wxpay java sdk     - get remain report msg: v0,wxpay java sdk v1.0,10c88b7ff82c4d50a2944ac800b8dace,1503737759,285,api.mch.weixin.qq.com,true,2000,10000,0,0,0,02C79A6D1E0CF66363BBAD9BD79CE03D988ED943564FC452827FEB148EC69445
  [WARN ] 2017-08-26 16:56:00,028                        wxpay java sdk     - report fail. reason: report.mch.weixin.qq.com:80 failed to respond
  [INFO ] 2017-08-26 16:56:00,624                        wxpay java sdk     - report v0,wxpay java sdk v1.0,712cd6191ac24b4b8b5a41658473dfa4,1503737760,304,api.mch.weixin.qq.com,true,2000,10000,0,0,0,04C74601D2D839D26897AE7DA39C704B10702A8CE7C185FB78AB982082ACA24C
  [INFO ] 2017-08-26 16:56:00,624                        wxpay java sdk     - get first report msg: v0,wxpay java sdk v1.0,712cd6191ac24b4b8b5a41658473dfa4,1503737760,304,api.mch.weixin.qq.com,true,2000,10000,0,0,0,04C74601D2D839D26897AE7DA39C704B10702A8CE7C185FB78AB982082ACA24C
  [INFO ] 2017-08-26 16:56:00,624                        wxpay java sdk     - try get remain report msg
  [INFO ] 2017-08-26 16:56:02,261                        wxpay java sdk     - report v0,wxpay java sdk v1.0,fd739782dc2f4bd998dbd5b7135908cc,1503737762,262,api.mch.weixin.qq.com,true,2000,10000,0,0,0,399C85EFB43766138F5EF728EBD510821C78E20B8DE53A316571FE22170A0B76
  [INFO ] 2017-08-26 16:56:02,263                        wxpay java sdk     - get remain report msg: v0,wxpay java sdk v1.0,fd739782dc2f4bd998dbd5b7135908cc,1503737762,262,api.mch.weixin.qq.com,true,2000,10000,0,0,0,399C85EFB43766138F5EF728EBD510821C78E20B8DE53A316571FE22170A0B76
  [WARN ] 2017-08-26 16:56:02,311                        wxpay java sdk     - report fail. reason: report.mch.weixin.qq.com:80 failed to respond
  [INFO ] 2017-08-26 16:56:10,306                        wxpay java sdk     - report v0,wxpay java sdk v1.0,98cd4759f4174ddf8cfcf3c99ef392cb,1503737770,287,api.mch.weixin.qq.com,true,2000,10000,0,0,0,B63415886509C75082A87FD336B664D6A8DF1081FECA5032A83C32009171A9F0
  [INFO ] 2017-08-26 16:56:10,307                        wxpay java sdk     - get first report msg: v0,wxpay java sdk v1.0,98cd4759f4174ddf8cfcf3c99ef392cb,1503737770,287,api.mch.weixin.qq.com,true,2000,10000,0,0,0,B63415886509C75082A87FD336B664D6A8DF1081FECA5032A83C32009171A9F0
  [INFO ] 2017-08-26 16:56:10,307                        wxpay java sdk     - try get remain report msg
  [INFO ] 2017-08-26 16:56:12,865                        wxpay java sdk     - report v0,wxpay java sdk v1.0,b6fcb095fbe24e64a21acf8454a89985,1503737772,271,api.mch.weixin.qq.com,true,2000,10000,0,0,0,27BD9D0A892B7BA044E8B2BF4EB08935F04F343D52E68EF371079EE5DBFBD82C
  [INFO ] 2017-08-26 16:56:12,865                        wxpay java sdk     - get remain report msg: v0,wxpay java sdk v1.0,b6fcb095fbe24e64a21acf8454a89985,1503737772,271,api.mch.weixin.qq.com,true,2000,10000,0,0,0,27BD9D0A892B7BA044E8B2BF4EB08935F04F343D52E68EF371079EE5DBFBD82C
  [WARN ] 2017-08-26 16:56:12,916                        wxpay java sdk     - report fail. reason: report.mch.weixin.qq.com:80 failed to respond
  [INFO ] 2017-08-26 17:06:13,206                        wxpay java sdk     - report worker num: 1
  [INFO ] 2017-08-26 17:06:13,209                        wxpay java sdk     - report v0,wxpay java sdk v1.0,741b785476e34792920b2e6c15569921,1503738373,348,api.mch.weixin.qq.com,true,2000,10000,0,0,0,37BDC527776FFDB3243BC6062D79966C83F676AE598E9599E875FEE6EEE7060E
  [INFO ] 2017-08-26 17:06:13,209                        wxpay java sdk     - get first report msg: v0,wxpay java sdk v1.0,741b785476e34792920b2e6c15569921,1503738373,348,api.mch.weixin.qq.com,true,2000,10000,0,0,0,37BDC527776FFDB3243BC6062D79966C83F676AE598E9599E875FEE6EEE7060E
  [INFO ] 2017-08-26 17:06:13,211                        wxpay java sdk     - try get remain report msg
  [INFO ] 2017-08-26 17:06:14,835                        wxpay java sdk     - report v0,wxpay java sdk v1.0,aca406f50fc443179242c01a0db9d3ea,1503738374,269,api.mch.weixin.qq.com,true,2000,10000,0,0,0,61933B51BEF44E17AB23A20C9764A13930DD86D3BC13C35708A93D7D3A46A9B2
  [INFO ] 2017-08-26 17:06:14,835                        wxpay java sdk     - get remain report msg: v0,wxpay java sdk v1.0,aca406f50fc443179242c01a0db9d3ea,1503738374,269,api.mch.weixin.qq.com,true,2000,10000,0,0,0,61933B51BEF44E17AB23A20C9764A13930DD86D3BC13C35708A93D7D3A46A9B2
  [WARN ] 2017-08-26 17:06:14,931                        wxpay java sdk     - report fail. reason: report.mch.weixin.qq.com:80 failed to respond
  [INFO ] 2017-08-26 17:06:15,560                        wxpay java sdk     - report v0,wxpay java sdk v1.0,3b9b621e57654d169bb046f205bbadd5,1503738375,237,api.mch.weixin.qq.com,true,2000,10000,0,0,0,8C5BAC28E2001F88814A60ED9DC7534306FB166B1F6B635B0E834C96B5347DF0
  [INFO ] 2017-08-26 17:06:15,561                        wxpay java sdk     - get first report msg: v0,wxpay java sdk v1.0,3b9b621e57654d169bb046f205bbadd5,1503738375,237,api.mch.weixin.qq.com,true,2000,10000,0,0,0,8C5BAC28E2001F88814A60ED9DC7534306FB166B1F6B635B0E834C96B5347DF0
  [INFO ] 2017-08-26 17:06:15,561                        wxpay java sdk     - try get remain report msg
  [INFO ] 2017-08-26 17:06:17,178                        wxpay java sdk     - report v0,wxpay java sdk v1.0,0fcb66673f7e4834922bc158d22b8691,1503738377,267,api.mch.weixin.qq.com,true,2000,10000,0,0,0,FD1B99568BFB5F8255006844B39F4DFAC655AD661CD4F725F435CB44C6F60420
  [INFO ] 2017-08-26 17:06:17,183                        wxpay java sdk     - get remain report msg: v0,wxpay java sdk v1.0,0fcb66673f7e4834922bc158d22b8691,1503738377,267,api.mch.weixin.qq.com,true,2000,10000,0,0,0,FD1B99568BFB5F8255006844B39F4DFAC655AD661CD4F725F435CB44C6F60420
  [WARN ] 2017-08-26 17:06:17,240                        wxpay java sdk     - report fail. reason: report.mch.weixin.qq.com:80 failed to respond
  [INFO ] 2017-08-26 17:06:25,039                        wxpay java sdk     - report v0,wxpay java sdk v1.0,81f9fd1c66d54bb491ab0ab5e74ac77c,1503738385,229,api.mch.weixin.qq.com,true,2000,10000,0,0,0,E5056FBE25F262A8FC4D4E1D0803F249887A30F32746171677DB278F12D958D4
  [INFO ] 2017-08-26 17:06:25,041                        wxpay java sdk     - get first report msg: v0,wxpay java sdk v1.0,81f9fd1c66d54bb491ab0ab5e74ac77c,1503738385,229,api.mch.weixin.qq.com,true,2000,10000,0,0,0,E5056FBE25F262A8FC4D4E1D0803F249887A30F32746171677DB278F12D958D4
  [INFO ] 2017-08-26 17:06:25,041                        wxpay java sdk     - try get remain report msg
  [INFO ] 2017-08-26 17:07:54,792                        wxpay java sdk     - report worker num: 1
  [INFO ] 2017-08-26 17:07:54,794                        wxpay java sdk     - report v0,wxpay java sdk v1.0,9d39058c93794d389bf4d64446e6cf78,1503738474,387,api.mch.weixin.qq.com,true,2000,10000,0,0,0,85393B814F144BA2E8752D62A9F77A8F87CD84A142C409726CBF96104F3B1C9B
  [INFO ] 2017-08-26 17:07:54,794                        wxpay java sdk     - get first report msg: v0,wxpay java sdk v1.0,9d39058c93794d389bf4d64446e6cf78,1503738474,387,api.mch.weixin.qq.com,true,2000,10000,0,0,0,85393B814F144BA2E8752D62A9F77A8F87CD84A142C409726CBF96104F3B1C9B
  [INFO ] 2017-08-26 17:07:54,795                        wxpay java sdk     - try get remain report msg
  [INFO ] 2017-08-26 17:07:56,277                        wxpay java sdk     - report v0,wxpay java sdk v1.0,daeccc7aad8e4ce19888fcfa03050ff0,1503738476,308,api.mch.weixin.qq.com,true,2000,10000,0,0,0,589F914194B79BD534B66B9D4703935B3B261AE9128334308A554D2EE5A0358C
  [INFO ] 2017-08-26 17:07:56,277                        wxpay java sdk     - get remain report msg: v0,wxpay java sdk v1.0,daeccc7aad8e4ce19888fcfa03050ff0,1503738476,308,api.mch.weixin.qq.com,true,2000,10000,0,0,0,589F914194B79BD534B66B9D4703935B3B261AE9128334308A554D2EE5A0358C
  [WARN ] 2017-08-26 17:07:56,366                        wxpay java sdk     - report fail. reason: report.mch.weixin.qq.com:80 failed to respond
  [INFO ] 2017-08-26 17:07:57,654                        wxpay java sdk     - report v0,wxpay java sdk v1.0,8440518f45c04076b22d0d4e923935e5,1503738477,251,api.mch.weixin.qq.com,true,2000,10000,0,0,0,B09FAC05F11EC1D0906B8EB65A826BC80BB3E4E2E9B362629F906DDDF926C5CB
  [INFO ] 2017-08-26 17:07:57,655                        wxpay java sdk     - get first report msg: v0,wxpay java sdk v1.0,8440518f45c04076b22d0d4e923935e5,1503738477,251,api.mch.weixin.qq.com,true,2000,10000,0,0,0,B09FAC05F11EC1D0906B8EB65A826BC80BB3E4E2E9B362629F906DDDF926C5CB
  [INFO ] 2017-08-26 17:07:57,655                        wxpay java sdk     - try get remain report msg
  [INFO ] 2017-08-26 17:08:00,202                        wxpay java sdk     - report v0,wxpay java sdk v1.0,038bc1708f6d4a3f96c9f859599a9037,1503738480,264,api.mch.weixin.qq.com,true,2000,10000,0,0,0,CAEAA7CE2E7BCAA148BC600D94AAF99E987A6F3C96F5CE1F90D4A4A75785A36A
  [INFO ] 2017-08-26 17:08:00,204                        wxpay java sdk     - get remain report msg: v0,wxpay java sdk v1.0,038bc1708f6d4a3f96c9f859599a9037,1503738480,264,api.mch.weixin.qq.com,true,2000,10000,0,0,0,CAEAA7CE2E7BCAA148BC600D94AAF99E987A6F3C96F5CE1F90D4A4A75785A36A
  [WARN ] 2017-08-26 17:08:00,256                        wxpay java sdk     - report fail. reason: report.mch.weixin.qq.com:80 failed to respond
  [INFO ] 2017-08-26 17:08:05,892                        wxpay java sdk     - report v0,wxpay java sdk v1.0,aa30f4cfeb3f4c83aa7f8233c0a916ae,1503738485,263,api.mch.weixin.qq.com,true,2000,10000,0,0,0,2DFA413A0BF9758DEA1D9AF684DF18C5B10190718C23317ACC79497B6344E0FD
  [INFO ] 2017-08-26 17:08:05,894                        wxpay java sdk     - get first report msg: v0,wxpay java sdk v1.0,aa30f4cfeb3f4c83aa7f8233c0a916ae,1503738485,263,api.mch.weixin.qq.com,true,2000,10000,0,0,0,2DFA413A0BF9758DEA1D9AF684DF18C5B10190718C23317ACC79497B6344E0FD
  [INFO ] 2017-08-26 17:08:05,894                        wxpay java sdk     - try get remain report msg
  [INFO ] 2017-08-26 17:12:06,663                        wxpay java sdk     - report worker num: 1
  [INFO ] 2017-08-26 17:12:06,665                        wxpay java sdk     - report v0,wxpay java sdk v1.0,f3eb453b807c4c858b128f68fb8aa21d,1503738726,314,api.mch.weixin.qq.com,true,2000,10000,0,0,0,371C56AE9B1E393C19E1A296E6298C48AF5F1C37C58009EC2356C13268EABB2D
  [INFO ] 2017-08-26 17:12:06,665                        wxpay java sdk     - get first report msg: v0,wxpay java sdk v1.0,f3eb453b807c4c858b128f68fb8aa21d,1503738726,314,api.mch.weixin.qq.com,true,2000,10000,0,0,0,371C56AE9B1E393C19E1A296E6298C48AF5F1C37C58009EC2356C13268EABB2D
  [INFO ] 2017-08-26 17:12:06,665                        wxpay java sdk     - try get remain report msg
  [INFO ] 2017-08-26 17:12:08,038                        wxpay java sdk     - report v0,wxpay java sdk v1.0,21787a94674d4157ab8318ebea0370f6,1503738728,219,api.mch.weixin.qq.com,true,2000,10000,0,0,0,13CA5922B3852C9C2AA3AD5A3762706955AFC97048E9ED543E485C1662ADBE9A
  [INFO ] 2017-08-26 17:12:08,039                        wxpay java sdk     - get remain report msg: v0,wxpay java sdk v1.0,21787a94674d4157ab8318ebea0370f6,1503738728,219,api.mch.weixin.qq.com,true,2000,10000,0,0,0,13CA5922B3852C9C2AA3AD5A3762706955AFC97048E9ED543E485C1662ADBE9A
  [WARN ] 2017-08-26 17:12:08,132                        wxpay java sdk     - report fail. reason: report.mch.weixin.qq.com:80 failed to respond
  [INFO ] 2017-08-26 17:12:08,453                        wxpay java sdk     - report v0,wxpay java sdk v1.0,30f076426c684619b39223deec00f094,1503738728,194,api.mch.weixin.qq.com,true,2000,10000,0,0,0,7601BA51EB5824E1E0D4B8068FCAAF8FE023A93477015C04BDAE6B94EBC06654
  [INFO ] 2017-08-26 17:12:08,454                        wxpay java sdk     - get first report msg: v0,wxpay java sdk v1.0,30f076426c684619b39223deec00f094,1503738728,194,api.mch.weixin.qq.com,true,2000,10000,0,0,0,7601BA51EB5824E1E0D4B8068FCAAF8FE023A93477015C04BDAE6B94EBC06654
  [INFO ] 2017-08-26 17:12:08,454                        wxpay java sdk     - try get remain report msg
  [INFO ] 2017-08-26 17:12:11,192                        wxpay java sdk     - report v0,wxpay java sdk v1.0,51fe32b2e3f549dc954d0d73ddb0e60b,1503738731,227,api.mch.weixin.qq.com,true,2000,10000,0,0,0,C097C9E262BF40AE278F24D07551F94F686D14837E8FEB88A6542876B721AC54
  [INFO ] 2017-08-26 17:12:11,195                        wxpay java sdk     - get remain report msg: v0,wxpay java sdk v1.0,51fe32b2e3f549dc954d0d73ddb0e60b,1503738731,227,api.mch.weixin.qq.com,true,2000,10000,0,0,0,C097C9E262BF40AE278F24D07551F94F686D14837E8FEB88A6542876B721AC54
  [WARN ] 2017-08-26 17:12:11,262                        wxpay java sdk     - report fail. reason: report.mch.weixin.qq.com:80 failed to respond
  [INFO ] 2017-08-26 17:18:15,202                        wxpay java sdk     - report worker num: 1
  [INFO ] 2017-08-26 17:18:15,204                        wxpay java sdk     - report v0,wxpay java sdk v1.0,2c57533947814317a1b7db223d9a0ce7,1503739095,341,api.mch.weixin.qq.com,true,2000,10000,0,0,0,ABD400AA1D9626580AFD36DDB788F1345D37D620C285CF7E3410A485807442DE
  [INFO ] 2017-08-26 17:18:15,204                        wxpay java sdk     - get first report msg: v0,wxpay java sdk v1.0,2c57533947814317a1b7db223d9a0ce7,1503739095,341,api.mch.weixin.qq.com,true,2000,10000,0,0,0,ABD400AA1D9626580AFD36DDB788F1345D37D620C285CF7E3410A485807442DE
  [INFO ] 2017-08-26 17:18:15,204                        wxpay java sdk     - try get remain report msg
  [INFO ] 2017-08-26 17:19:32,210                        wxpay java sdk     - report worker num: 1
  [INFO ] 2017-08-26 17:19:32,212                        wxpay java sdk     - report v0,wxpay java sdk v1.0,bb83432da45f405d8973730aa8d71640,1503739172,320,api.mch.weixin.qq.com,true,2000,10000,0,0,0,70FCF718B5CEEA71B69F7C3FEF0FBE396E5C4EF7A2D651E88DE58B60E35E6500
  [INFO ] 2017-08-26 17:19:32,212                        wxpay java sdk     - get first report msg: v0,wxpay java sdk v1.0,bb83432da45f405d8973730aa8d71640,1503739172,320,api.mch.weixin.qq.com,true,2000,10000,0,0,0,70FCF718B5CEEA71B69F7C3FEF0FBE396E5C4EF7A2D651E88DE58B60E35E6500
  [INFO ] 2017-08-26 17:19:32,216                        wxpay java sdk     - try get remain report msg
  [INFO ] 2017-08-26 17:19:33,610                        wxpay java sdk     - report v0,wxpay java sdk v1.0,61d5a789ac3944978845bd9c2e17924a,1503739173,197,api.mch.weixin.qq.com,true,2000,10000,0,0,0,0937872D852E55BDE4D043C44BCCE2A51F45BA8BF78BCE96AAB07356EFF64E5B
  [INFO ] 2017-08-26 17:19:33,610                        wxpay java sdk     - get remain report msg: v0,wxpay java sdk v1.0,61d5a789ac3944978845bd9c2e17924a,1503739173,197,api.mch.weixin.qq.com,true,2000,10000,0,0,0,0937872D852E55BDE4D043C44BCCE2A51F45BA8BF78BCE96AAB07356EFF64E5B
  [WARN ] 2017-08-26 17:19:33,696                        wxpay java sdk     - report fail. reason: report.mch.weixin.qq.com:80 failed to respond
  [INFO ] 2017-08-26 17:19:34,416                        wxpay java sdk     - report v0,wxpay java sdk v1.0,81af7ca1cf424551a51fe3e51defd2ea,1503739174,203,api.mch.weixin.qq.com,true,2000,10000,0,0,0,C764D037758000803DE07818E3104D271E133CD38B1E5DEF79BE5E8982482A97
  [INFO ] 2017-08-26 17:19:34,416                        wxpay java sdk     - get first report msg: v0,wxpay java sdk v1.0,81af7ca1cf424551a51fe3e51defd2ea,1503739174,203,api.mch.weixin.qq.com,true,2000,10000,0,0,0,C764D037758000803DE07818E3104D271E133CD38B1E5DEF79BE5E8982482A97
  [INFO ] 2017-08-26 17:19:34,416                        wxpay java sdk     - try get remain report msg
  [INFO ] 2017-08-26 17:19:35,969                        wxpay java sdk     - report v0,wxpay java sdk v1.0,0b827df713924af29b24baaca4d59ec0,1503739175,221,api.mch.weixin.qq.com,true,2000,10000,0,0,0,1ADEE89BBC86CFD8C9C6D37F17CAB2FA244733AC492A20AC891252AA9666E4F7
  [INFO ] 2017-08-26 17:19:35,971                        wxpay java sdk     - get remain report msg: v0,wxpay java sdk v1.0,0b827df713924af29b24baaca4d59ec0,1503739175,221,api.mch.weixin.qq.com,true,2000,10000,0,0,0,1ADEE89BBC86CFD8C9C6D37F17CAB2FA244733AC492A20AC891252AA9666E4F7
  [WARN ] 2017-08-26 17:19:36,031                        wxpay java sdk     - report fail. reason: report.mch.weixin.qq.com:80 failed to respond
  [INFO ] 2017-08-26 17:19:43,763                        wxpay java sdk     - report v0,wxpay java sdk v1.0,dd088a9b32dc4d83b3d66cae3072bd3d,1503739183,225,api.mch.weixin.qq.com,true,2000,10000,0,0,0,8D6D554E46AAFBA6E98C922ADB996D16E174052533BB5F0414DF5826CE9EF7C8
  [INFO ] 2017-08-26 17:19:43,763                        wxpay java sdk     - get first report msg: v0,wxpay java sdk v1.0,dd088a9b32dc4d83b3d66cae3072bd3d,1503739183,225,api.mch.weixin.qq.com,true,2000,10000,0,0,0,8D6D554E46AAFBA6E98C922ADB996D16E174052533BB5F0414DF5826CE9EF7C8
  [INFO ] 2017-08-26 17:19:43,763                        wxpay java sdk     - try get remain report msg
  [INFO ] 2017-08-26 17:20:48,552                        wxpay java sdk     - report worker num: 1
  [INFO ] 2017-08-26 17:20:48,554                        wxpay java sdk     - report v0,wxpay java sdk v1.0,7223c4f66a4e47f78a64852e5165bba5,1503739248,360,api.mch.weixin.qq.com,true,2000,10000,0,0,0,89E6353382A0F89D536B0881B330C8903995534C0CCED35771B1074569A6E548
  [INFO ] 2017-08-26 17:20:48,554                        wxpay java sdk     - get first report msg: v0,wxpay java sdk v1.0,7223c4f66a4e47f78a64852e5165bba5,1503739248,360,api.mch.weixin.qq.com,true,2000,10000,0,0,0,89E6353382A0F89D536B0881B330C8903995534C0CCED35771B1074569A6E548
  [INFO ] 2017-08-26 17:20:48,555                        wxpay java sdk     - try get remain report msg
  [INFO ] 2017-08-26 17:20:50,189                        wxpay java sdk     - report v0,wxpay java sdk v1.0,120b0e8a1e4945f8b57bd6f2e82861a8,1503739250,258,api.mch.weixin.qq.com,true,2000,10000,0,0,0,7D56E70B32C47918F76E72B84A7D802663F3AB00544D2ED8B28983D12CC92665
  [INFO ] 2017-08-26 17:20:50,189                        wxpay java sdk     - get remain report msg: v0,wxpay java sdk v1.0,120b0e8a1e4945f8b57bd6f2e82861a8,1503739250,258,api.mch.weixin.qq.com,true,2000,10000,0,0,0,7D56E70B32C47918F76E72B84A7D802663F3AB00544D2ED8B28983D12CC92665
  [WARN ] 2017-08-26 17:20:50,263                        wxpay java sdk     - report fail. reason: report.mch.weixin.qq.com:80 failed to respond
  [INFO ] 2017-08-26 17:20:50,798                        wxpay java sdk     - report v0,wxpay java sdk v1.0,48fc7abbf864464890fa990fee945d22,1503739250,214,api.mch.weixin.qq.com,true,2000,10000,0,0,0,357CC18609DEB42AD981F28ACD1DD2C8F5B66049735CD545567382D0169C2038
  [INFO ] 2017-08-26 17:20:50,798                        wxpay java sdk     - get first report msg: v0,wxpay java sdk v1.0,48fc7abbf864464890fa990fee945d22,1503739250,214,api.mch.weixin.qq.com,true,2000,10000,0,0,0,357CC18609DEB42AD981F28ACD1DD2C8F5B66049735CD545567382D0169C2038
  [INFO ] 2017-08-26 17:20:50,798                        wxpay java sdk     - try get remain report msg
  [INFO ] 2017-08-26 17:20:52,690                        wxpay java sdk     - report v0,wxpay java sdk v1.0,52a1ada5dc3b4c4fbbd6d3b6df2a09fe,1503739252,215,api.mch.weixin.qq.com,true,2000,10000,0,0,0,815B063B29549FE96512EC8E703AB87F8D867C397EE51435A4E5A62095A96599
  [INFO ] 2017-08-26 17:20:52,697                        wxpay java sdk     - get remain report msg: v0,wxpay java sdk v1.0,52a1ada5dc3b4c4fbbd6d3b6df2a09fe,1503739252,215,api.mch.weixin.qq.com,true,2000,10000,0,0,0,815B063B29549FE96512EC8E703AB87F8D867C397EE51435A4E5A62095A96599
  [WARN ] 2017-08-26 17:20:52,750                        wxpay java sdk     - report fail. reason: report.mch.weixin.qq.com:80 failed to respond
  [INFO ] 2017-08-26 17:25:13,777                        wxpay java sdk     - report worker num: 1
  [INFO ] 2017-08-26 17:25:13,779                        wxpay java sdk     - report v0,wxpay java sdk v1.0,e0b36e05a6ba487684f1d8b4948d862a,1503739513,413,api.mch.weixin.qq.com,true,2000,10000,0,0,0,CD972D353AC1F3916AA5E78AEDBA6E2FD6092043B6B29E857DD6D884F06DC807
  [INFO ] 2017-08-26 17:25:13,779                        wxpay java sdk     - get first report msg: v0,wxpay java sdk v1.0,e0b36e05a6ba487684f1d8b4948d862a,1503739513,413,api.mch.weixin.qq.com,true,2000,10000,0,0,0,CD972D353AC1F3916AA5E78AEDBA6E2FD6092043B6B29E857DD6D884F06DC807
  [INFO ] 2017-08-26 17:25:13,784                        wxpay java sdk     - try get remain report msg
  [INFO ] 2017-08-26 17:25:17,405                        wxpay java sdk     - report v0,wxpay java sdk v1.0,f778013a1be448e6b8760d8f62de236c,1503739517,270,api.mch.weixin.qq.com,true,2000,10000,0,0,0,9629A9DF8ADEB857534DDFC94E7C56DF365143AB695796BF42B10B1E1FDEA248
  [INFO ] 2017-08-26 17:25:17,405                        wxpay java sdk     - get remain report msg: v0,wxpay java sdk v1.0,f778013a1be448e6b8760d8f62de236c,1503739517,270,api.mch.weixin.qq.com,true,2000,10000,0,0,0,9629A9DF8ADEB857534DDFC94E7C56DF365143AB695796BF42B10B1E1FDEA248
  [WARN ] 2017-08-26 17:25:17,492                        wxpay java sdk     - report fail. reason: report.mch.weixin.qq.com:80 failed to respond
  [INFO ] 2017-08-26 17:25:18,248                        wxpay java sdk     - report v0,wxpay java sdk v1.0,0e89d53ab5e54024ae7837e9113facce,1503739518,262,api.mch.weixin.qq.com,true,2000,10000,0,0,0,AC4B684AA579C20BD8DC0EF8457208EDD36FCEAA2B1E7A2E7C584138A13F88D4
  [INFO ] 2017-08-26 17:25:18,249                        wxpay java sdk     - get first report msg: v0,wxpay java sdk v1.0,0e89d53ab5e54024ae7837e9113facce,1503739518,262,api.mch.weixin.qq.com,true,2000,10000,0,0,0,AC4B684AA579C20BD8DC0EF8457208EDD36FCEAA2B1E7A2E7C584138A13F88D4
  [INFO ] 2017-08-26 17:25:18,250                        wxpay java sdk     - try get remain report msg
  [INFO ] 2017-08-26 17:25:19,771                        wxpay java sdk     - report v0,wxpay java sdk v1.0,07c79c9e136c47c1915dbb96f296fce4,1503739519,274,api.mch.weixin.qq.com,true,2000,10000,0,0,0,D371CBACE32B31D585323EAC1F30C44259C2E9F61C5F2345BA202FDC304DA5C7
  [INFO ] 2017-08-26 17:25:19,773                        wxpay java sdk     - get remain report msg: v0,wxpay java sdk v1.0,07c79c9e136c47c1915dbb96f296fce4,1503739519,274,api.mch.weixin.qq.com,true,2000,10000,0,0,0,D371CBACE32B31D585323EAC1F30C44259C2E9F61C5F2345BA202FDC304DA5C7
  [WARN ] 2017-08-26 17:25:19,830                        wxpay java sdk     - report fail. reason: report.mch.weixin.qq.com:80 failed to respond
  [INFO ] 2017-08-26 17:32:48,753                        wxpay java sdk     - report worker num: 1
  [INFO ] 2017-08-26 17:32:48,756                        wxpay java sdk     - report v0,wxpay java sdk v1.0,9474d711f963407caf1fb03fd65debb6,1503739968,339,api.mch.weixin.qq.com,true,2000,10000,0,0,0,717BC69C0E202219FEAD893923C52767F63B99EDAA03364D2EACFD1BBAB00D84
  [INFO ] 2017-08-26 17:32:48,757                        wxpay java sdk     - get first report msg: v0,wxpay java sdk v1.0,9474d711f963407caf1fb03fd65debb6,1503739968,339,api.mch.weixin.qq.com,true,2000,10000,0,0,0,717BC69C0E202219FEAD893923C52767F63B99EDAA03364D2EACFD1BBAB00D84
  [INFO ] 2017-08-26 17:32:48,758                        wxpay java sdk     - try get remain report msg
  [INFO ] 2017-08-26 17:32:50,496                        wxpay java sdk     - report v0,wxpay java sdk v1.0,4b1ca3612a924ce58d0e66b2cdb1a85e,1503739970,365,api.mch.weixin.qq.com,true,2000,10000,0,0,0,7BE4B924EB95720E40B43917AABAB5869AFC5D97DC7B5E0EE75E5AB5D5424BB6
  [INFO ] 2017-08-26 17:32:50,505                        wxpay java sdk     - get remain report msg: v0,wxpay java sdk v1.0,4b1ca3612a924ce58d0e66b2cdb1a85e,1503739970,365,api.mch.weixin.qq.com,true,2000,10000,0,0,0,7BE4B924EB95720E40B43917AABAB5869AFC5D97DC7B5E0EE75E5AB5D5424BB6
  [WARN ] 2017-08-26 17:32:50,583                        wxpay java sdk     - report fail. reason: report.mch.weixin.qq.com:80 failed to respond
  [INFO ] 2017-08-26 17:32:51,641                        wxpay java sdk     - report v0,wxpay java sdk v1.0,6bae419b39ad432bb388d687f82d4eb1,1503739971,249,api.mch.weixin.qq.com,true,2000,10000,0,0,0,50CADBBE3D8C58C919C0EBFFD063BF952C4E535F0BCE256DB88B2711982017C0
  [INFO ] 2017-08-26 17:32:51,644                        wxpay java sdk     - get first report msg: v0,wxpay java sdk v1.0,6bae419b39ad432bb388d687f82d4eb1,1503739971,249,api.mch.weixin.qq.com,true,2000,10000,0,0,0,50CADBBE3D8C58C919C0EBFFD063BF952C4E535F0BCE256DB88B2711982017C0
  [INFO ] 2017-08-26 17:32:51,644                        wxpay java sdk     - try get remain report msg
  [INFO ] 2017-08-26 17:32:52,546                        wxpay java sdk     - report v0,wxpay java sdk v1.0,18c4b86871b440a297c91b31224fea57,1503739972,213,api.mch.weixin.qq.com,true,2000,10000,0,0,0,2D9C501469DBA23553B796C50CEE6F6A7D944DB112E2F3AEF61641A1C80EE5BB
  [INFO ] 2017-08-26 17:32:52,548                        wxpay java sdk     - get remain report msg: v0,wxpay java sdk v1.0,18c4b86871b440a297c91b31224fea57,1503739972,213,api.mch.weixin.qq.com,true,2000,10000,0,0,0,2D9C501469DBA23553B796C50CEE6F6A7D944DB112E2F3AEF61641A1C80EE5BB
  [WARN ] 2017-08-26 17:32:52,625                        wxpay java sdk     - report fail. reason: report.mch.weixin.qq.com:80 failed to respond
  